Prepare Batches:   0%|                                                        | 0/8 [00:00<?, ?it/s]                                                                                                    Epoch     1:   0%|                                                            | 0/8 [00:00<?, ?it/s]                                                                                                    Traceback (most recent call last):
  File "/mnt/qb/home/mlcolab/hzhou52/knowledge_tracing/exp/exp_learner_predict.py", line 189, in <module>
    runner.train(model, corpus)
  File "/mnt/qb/home/mlcolab/hzhou52/knowledge_tracing/exp/../KTRunner.py", line 189, in train
    loss = self.fit(model, train_batches, epoch_train_data, epoch=epoch+1)
  File "/mnt/qb/home/mlcolab/hzhou52/knowledge_tracing/exp/../KTRunner.py", line 284, in fit
    output_dict = model(batch)
  File "/mnt/qb/work/mlcolab/hzhou52/anaconda3/envs/mykt/lib/python3.9/site-packages/torch/nn/modules/module.py", line 1110, in _call_impl
    return forward_call(*input, **kwargs)
  File "/mnt/qb/work/mlcolab/hzhou52/anaconda3/envs/mykt/lib/python3.9/site-packages/torch/nn/parallel/data_parallel.py", line 166, in forward
    return self.module(*inputs[0], **kwargs[0])
  File "/mnt/qb/work/mlcolab/hzhou52/anaconda3/envs/mykt/lib/python3.9/site-packages/torch/nn/modules/module.py", line 1110, in _call_impl
    return forward_call(*input, **kwargs)
  File "/mnt/qb/home/mlcolab/hzhou52/knowledge_tracing/exp/../models/learner_hssm_model.py", line 978, in forward
    s_sampled, s_entropy, s_log_prob_q, _, s_mean, s_var = self.s_infer(
  File "/mnt/qb/home/mlcolab/hzhou52/knowledge_tracing/exp/../models/learner_hssm_model.py", line 766, in s_transition_infer
    mean = self.network_posterior_mean_mlp_s(output) # [bs, times, dim_s]
  File "/mnt/qb/work/mlcolab/hzhou52/anaconda3/envs/mykt/lib/python3.9/site-packages/torch/nn/modules/module.py", line 1110, in _call_impl
    return forward_call(*input, **kwargs)
  File "/mnt/qb/work/mlcolab/hzhou52/anaconda3/envs/mykt/lib/python3.9/site-packages/torch/nn/modules/container.py", line 141, in forward
    input = module(input)
  File "/mnt/qb/work/mlcolab/hzhou52/anaconda3/envs/mykt/lib/python3.9/site-packages/torch/nn/modules/module.py", line 1110, in _call_impl
    return forward_call(*input, **kwargs)
  File "/mnt/qb/work/mlcolab/hzhou52/anaconda3/envs/mykt/lib/python3.9/site-packages/torch/nn/modules/linear.py", line 103, in forward
    return F.linear(input, self.weight, self.bias)
RuntimeError: mat1 and mat2 shapes cannot be multiplied (3200x64 and 32x16)
