Namespace(model_name='GraphOU', train_mode='ls_split_time', multi_node=1, train_time_ratio=0.5, test_time_ratio=0.4, num_node=1, num_seq=1, base=2.0, ppe_lr=0.2, hidden_dim=8, graph_path='/mnt/qb/work/mlcolab/hzhou52/kt/junyi/adj.npy', overfit=0, gt_adj_path=None, world_size=-1, rank=-1, dist_url='env://', dist_backend='nccl', local_rank=-1, distributed=1, random_seed=2022, GPU_to_use=None, gpu='0', data_dir='/mnt/qb/work/mlcolab/hzhou52/kt', dataset='junyi/single_user_multi_skill', sep='\t', kfold=5, max_step=200, regenerate_corpus=False, save_folder='/mnt/qb/work/mlcolab/hzhou52/kt/logs', expername='', train=1, validate=True, epoch=100, early_stop=1, lr=0.005, batch_size=512, eval_batch_size=512, dropout=0.0, l2=0.0, optimizer='Adam', metric='F1, AUC, Accuracy, Recall, Precision', fold=0, load=0, load_folder='', lr_decay=5000, gamma=0.5, var=0.05, time='2023-03-13T17:14:53.108027', device=device(type='cuda', index=0), log_path='/mnt/qb/work/mlcolab/hzhou52/kt/logs/GraphOU/junyi/single_user_multi_skill/2023-03-13T17:14:53.108027__overfit_0')
Load corpus from /mnt/qb/work/mlcolab/hzhou52/kt/junyi/single_user_multi_skill/Corpus_200.pkl
# Training mode splits TIME
# Train: 26629, # Dev: 26629, # Test: 26629
--------------------------------------------- BEGIN: 2023-03-13 17:15:08 ---------------------------------------------

==========================================
 Arguments         | Values               
==========================================
 base              | 2.0                 
 batch_size        | 512                 
 data_dir          | /mnt/qb/work/mlco...
 dataset           | junyi/single_user...
 decoder_file      | /mnt/qb/work/mlco...
 device            | cuda:0              
 dist_backend      | nccl                
 dist_url          | env://              
 distributed       | 1                   
 dropout           | 0.0                 
 early_stop        | 1                   
 epoch             | 100                 
 eval_batch_size   | 512                 
 expername         |                     
 fold              | 0                   
 gamma             | 0.5                 
 gpu               | 0                   
 graph_path        | /mnt/qb/work/mlco...
 hidden_dim        | 8                   
 kfold             | 5                   
 l2                | 0.0                 
 load              | 0                   
 load_folder       |                     
 local_rank        | -1                  
 log_path          | /mnt/qb/work/mlco...
 lr                | 0.005               
 lr_decay          | 5000                
 max_step          | 200                 
 metric            | F1, AUC, Accuracy...
 model_name        | GraphOU             
 multi_node        | 1                   
 num_node          | 1                   
 num_seq           | 1                   
 optimizer         | Adam                
 optimizer_file    | /mnt/qb/work/mlco...
 overfit           | 0                   
 plotdir           | /mnt/qb/work/mlco...
 ppe_lr            | 0.2                 
 random_seed       | 2022                
 rank              | -1                  
 regenerate_corpus | False               
 save_folder       | /mnt/qb/work/mlco...
 test_time_ratio   | 0.4                 
 time              | 2023-03-13T17:14:...
 train_mode        | ls_split_time       
 train_time_ratio  | 0.5                 
 validate          | True                
 var               | 0.05                
 world_size        | -1                  
==========================================
# cuda devices: 1
GraphOU()
#params: 106516
Optimizer: Adam
1 train	 	loss_total 0.6975208881 	f1 0.7880105917 	auc 0.5060944345 	accuracy 0.6648424971 	recall 0.7290151767 	precision 0.8578305628 	mean_rev_speed 0.1211115724 	mean_rev_level 0.1081141761 	vola 0.1470068252 	gamma 0.0030975709 	time: 1678724484.9121s 	
Epoch 1   loss=0.6975 [360.5 s]	 valid=(accuracy:0.6887,auc:0.5338,f1:0.8054,precision:0.8564,recall:0.7602) test=(accuracy:0.6740,auc:0.5097,f1:0.7951,precision:0.8442,recall:0.7514) [16.3 s] 
Save model to /mnt/qb/work/mlcolab/hzhou52/kt/logs/GraphOU/junyi/single_user_multi_skill/2023-03-13T17:14:53.108027__overfit_0/Model/Model_0.pt
2 train	 	loss_total 0.6567368834 	f1 0.8020692625 	auc 0.5088837366 	accuracy 0.6822381338 	recall 0.7533729597 	precision 0.8580416328 	mean_rev_speed 0.1347266236 	mean_rev_level 0.1355955384 	vola 0.1301215176 	gamma 0.0279920731 	time: 1678724889.1642s 	
Epoch 2   loss=0.6567 [383.9 s]	 valid=(accuracy:0.7058,auc:0.5374,f1:0.8188,precision:0.8562,recall:0.7846) test=(accuracy:0.6909,auc:0.5116,f1:0.8086,precision:0.8444,recall:0.7757) [15.5 s] 
Save model to /mnt/qb/work/mlcolab/hzhou52/kt/logs/GraphOU/junyi/single_user_multi_skill/2023-03-13T17:14:53.108027__overfit_0/Model/Model_1.pt
3 train	 	loss_total 0.6394931179 	f1 0.8158751462 	auc 0.5116795630 	accuracy 0.7000176887 	recall 0.7777601448 	precision 0.8585078229 	mean_rev_speed 0.1703415595 	mean_rev_level 0.1664370310 	vola 0.0883187207 	gamma 0.0599481078 	time: 1678725297.9734s 	
Epoch 3   loss=0.6395 [349.6 s]	 valid=(accuracy:0.7221,auc:0.5418,f1:0.8311,precision:0.8567,recall:0.8070) test=(accuracy:0.7071,auc:0.5139,f1:0.8212,precision:0.8445,recall:0.7992) [15.8 s] 
Save model to /mnt/qb/work/mlcolab/hzhou52/kt/logs/GraphOU/junyi/single_user_multi_skill/2023-03-13T17:14:53.108027__overfit_0/Model/Model_2.pt
4 train	 	loss_total 0.6247373077 	f1 0.8284895270 	auc 0.5159361346 	accuracy 0.7166670843 	recall 0.8008769283 	precision 0.8585997546 	mean_rev_speed 0.1719518523 	mean_rev_level 0.1977961226 	vola 0.0941042207 	gamma 0.0913987766 	time: 1678725664.6504s 	
Epoch 4   loss=0.6247 [348.4 s]	 valid=(accuracy:0.7357,auc:0.5432,f1:0.8414,precision:0.8562,recall:0.8270) test=(accuracy:0.7217,auc:0.5162,f1:0.8323,precision:0.8447,recall:0.8203) [16.0 s] 
Save model to /mnt/qb/work/mlcolab/hzhou52/kt/logs/GraphOU/junyi/single_user_multi_skill/2023-03-13T17:14:53.108027__overfit_0/Model/Model_3.pt
5 train	 	loss_total 0.6124162438 	f1 0.8395554502 	auc 0.5175850833 	accuracy 0.7316759287 	recall 0.8216172976 	precision 0.8588452384 	mean_rev_speed 0.1864626250 	mean_rev_level 0.2303092525 	vola 0.0708717695 	gamma 0.1167659324 	time: 1678726033.6918s 	
Epoch 5   loss=0.6124 [350.5 s]	 valid=(accuracy:0.7498,auc:0.5480,f1:0.8515,precision:0.8565,recall:0.8465) test=(accuracy:0.7356,auc:0.5188,f1:0.8426,precision:0.8447,recall:0.8404) [15.8 s] 
Save model to /mnt/qb/work/mlcolab/hzhou52/kt/logs/GraphOU/junyi/single_user_multi_skill/2023-03-13T17:14:53.108027__overfit_0/Model/Model_4.pt
6 train	 	loss_total 0.6009006714 	f1 0.8502161348 	auc 0.5236873304 	accuracy 0.7465970666 	recall 0.8417910609 	precision 0.8593367629 	mean_rev_speed 0.1946307156 	mean_rev_level 0.2635211478 	vola 0.0523855223 	gamma 0.1515195742 	time: 1678726419.1988s 	
Epoch 6   loss=0.6009 [362.1 s]	 valid=(accuracy:0.7614,auc:0.5526,f1:0.8598,precision:0.8563,recall:0.8633) test=(accuracy:0.7478,auc:0.5209,f1:0.8514,precision:0.8447,recall:0.8582) [15.1 s] 
Save model to /mnt/qb/work/mlcolab/hzhou52/kt/logs/GraphOU/junyi/single_user_multi_skill/2023-03-13T17:14:53.108027__overfit_0/Model/Model_5.pt
7 train	 	loss_total 0.5910236307 	f1 0.8592180576 	auc 0.5260571239 	accuracy 0.7593342423 	recall 0.8596827383 	precision 0.8592645883 	mean_rev_speed 0.2010867452 	mean_rev_level 0.2966029014 	vola 0.0301432657 	gamma 0.1812286900 	time: 1678726788.9945s 	
Epoch 7   loss=0.5910 [350.2 s]	 valid=(accuracy:0.7726,auc:0.5550,f1:0.8676,precision:0.8562,recall:0.8793) test=(accuracy:0.7596,auc:0.5233,f1:0.8597,precision:0.8449,recall:0.8751) [16.2 s] 
Save model to /mnt/qb/work/mlcolab/hzhou52/kt/logs/GraphOU/junyi/single_user_multi_skill/2023-03-13T17:14:53.108027__overfit_0/Model/Model_6.pt
8 train	 	loss_total 0.5807623773 	f1 0.8677497411 	auc 0.5324618138 	accuracy 0.7717841244 	recall 0.8764615069 	precision 0.8597120065 	mean_rev_speed 0.2060058884 	mean_rev_level 0.3300043097 	vola 0.0010861675 	gamma 0.2191632207 	time: 1678727150.1385s 	
Epoch 8   loss=0.5808 [339.9 s]	 valid=(accuracy:0.7835,auc:0.5598,f1:0.8750,precision:0.8566,recall:0.8943) test=(accuracy:0.7699,auc:0.5258,f1:0.8669,precision:0.8448,recall:0.8903) [15.3 s] 
Save model to /mnt/qb/work/mlcolab/hzhou52/kt/logs/GraphOU/junyi/single_user_multi_skill/2023-03-13T17:14:53.108027__overfit_0/Model/Model_7.pt
9 train	 	loss_total 0.5712649609 	f1 0.8754346557 	auc 0.5350982841 	accuracy 0.7832022406 	recall 0.8919903166 	precision 0.8598936513 	mean_rev_speed 0.2068654867 	mean_rev_level 0.3634716407 	vola -0.0046767473 	gamma 0.2627377763 	time: 1678727519.9712s 	
Epoch 9   loss=0.5713 [347.4 s]	 valid=(accuracy:0.7924,auc:0.5632,f1:0.8811,precision:0.8564,recall:0.9072) test=(accuracy:0.7796,auc:0.5300,f1:0.8735,precision:0.8452,recall:0.9038) [15.2 s] 
Save model to /mnt/qb/work/mlcolab/hzhou52/kt/logs/GraphOU/junyi/single_user_multi_skill/2023-03-13T17:14:53.108027__overfit_0/Model/Model_8.pt
10 train	 	loss_total 0.5624814382 	f1 0.8819703744 	auc 0.5408871544 	accuracy 0.7930261645 	recall 0.9054820405 	precision 0.8600772461 	mean_rev_speed 0.2068690003 	mean_rev_level 0.3969614894 	vola -0.0047001528 	gamma 0.3079018447 	time: 1678727878.6477s 	
Epoch 10  loss=0.5625 [337.7 s]	 valid=(accuracy:0.8010,auc:0.5678,f1:0.8868,precision:0.8565,recall:0.9192) test=(accuracy:0.7876,auc:0.5324,f1:0.8789,precision:0.8450,recall:0.9156) [15.5 s] 
Save model to /mnt/qb/work/mlcolab/hzhou52/kt/logs/GraphOU/junyi/single_user_multi_skill/2023-03-13T17:14:53.108027__overfit_0/Model/Model_9.pt
11 train	 	loss_total 0.5538996278 	f1 0.8877318325 	auc 0.5466820787 	accuracy 0.8018244399 	recall 0.9174780889 	precision 0.8603098774 	mean_rev_speed 0.2068690351 	mean_rev_level 0.4304447202 	vola -0.0047002458 	gamma 0.3538735711 	time: 1678728246.7068s 	
Epoch 11  loss=0.5539 [346.8 s]	 valid=(accuracy:0.8086,auc:0.5708,f1:0.8917,precision:0.8566,recall:0.9298) test=(accuracy:0.7956,auc:0.5352,f1:0.8842,precision:0.8452,recall:0.9270) [18.0 s] 
Save model to /mnt/qb/work/mlcolab/hzhou52/kt/logs/GraphOU/junyi/single_user_multi_skill/2023-03-13T17:14:53.108027__overfit_0/Model/Model_10.pt
12 train	 	loss_total 0.5453972406 	f1 0.8930669818 	auc 0.5515798715 	accuracy 0.8101100383 	recall 0.9287105025 	precision 0.8604433253 	mean_rev_speed 0.2068690360 	mean_rev_level 0.4638650327 	vola -0.0047002458 	gamma 0.4002099054 	time: 1678728638.2080s 	
Epoch 12  loss=0.5454 [350.6 s]	 valid=(accuracy:0.8153,auc:0.5747,f1:0.8960,precision:0.8568,recall:0.9390) test=(accuracy:0.8022,auc:0.5380,f1:0.8885,precision:0.8453,recall:0.9364) [15.5 s] 
Save model to /mnt/qb/work/mlcolab/hzhou52/kt/logs/GraphOU/junyi/single_user_multi_skill/2023-03-13T17:14:53.108027__overfit_0/Model/Model_11.pt
13 train	 	loss_total 0.5377589059 	f1 0.8974439041 	auc 0.5561196233 	accuracy 0.8169596846 	recall 0.9380347901 	precision 0.8606145875 	mean_rev_speed 0.2068690360 	mean_rev_level 0.4971779208 	vola -0.0047002458 	gamma 0.4467182519 	time: 1678729002.5798s 	
Epoch 13  loss=0.5378 [341.6 s]	 valid=(accuracy:0.8211,auc:0.5768,f1:0.8998,precision:0.8566,recall:0.9475) test=(accuracy:0.8079,auc:0.5405,f1:0.8923,precision:0.8452,recall:0.9449) [15.3 s] 
Save model to /mnt/qb/work/mlcolab/hzhou52/kt/logs/GraphOU/junyi/single_user_multi_skill/2023-03-13T17:14:53.108027__overfit_0/Model/Model_12.pt
14 train	 	loss_total 0.5296867057 	f1 0.9015774300 	auc 0.5621745000 	accuracy 0.8235278597 	recall 0.9468431082 	precision 0.8608078154 	mean_rev_speed 0.2068692718 	mean_rev_level 0.5303350237 	vola -0.0047002458 	gamma 0.4930790393 	time: 1678729368.0567s 	
Epoch 14  loss=0.5297 [348.1 s]	 valid=(accuracy:0.8262,auc:0.5802,f1:0.9030,precision:0.8567,recall:0.9545) test=(accuracy:0.8130,auc:0.5434,f1:0.8956,precision:0.8453,recall:0.9522) [15.4 s] 
Save model to /mnt/qb/work/mlcolab/hzhou52/kt/logs/GraphOU/junyi/single_user_multi_skill/2023-03-13T17:14:53.108027__overfit_0/Model/Model_13.pt
15 train	 	loss_total 0.5229126935 	f1 0.9048712836 	auc 0.5663026168 	accuracy 0.8287700472 	recall 0.9540677738 	precision 0.8608590583 	mean_rev_speed 0.2068692339 	mean_rev_level 0.5632962112 	vola -0.0047002458 	gamma 0.5393238101 	time: 1678729742.1224s 	
Epoch 15  loss=0.5229 [356.2 s]	 valid=(accuracy:0.8311,auc:0.5838,f1:0.9061,precision:0.8568,recall:0.9613) test=(accuracy:0.8178,auc:0.5457,f1:0.8986,precision:0.8453,recall:0.9590) [15.2 s] 
Save model to /mnt/qb/work/mlcolab/hzhou52/kt/logs/GraphOU/junyi/single_user_multi_skill/2023-03-13T17:14:53.108027__overfit_0/Model/Model_14.pt
16 train	 	loss_total 0.5160974410 	f1 0.9077280110 	auc 0.5703361887 	accuracy 0.8333525943 	recall 0.9602986604 	precision 0.8610137768 	mean_rev_speed 0.2068691462 	mean_rev_level 0.5960263464 	vola -0.0047002458 	gamma 0.5852140458 	time: 1678730109.4286s 	
Epoch 16  loss=0.5161 [345.6 s]	 valid=(accuracy:0.8349,auc:0.5862,f1:0.9085,precision:0.8568,recall:0.9667) test=(accuracy:0.8214,auc:0.5481,f1:0.9009,precision:0.8454,recall:0.9642) [15.6 s] 
Save model to /mnt/qb/work/mlcolab/hzhou52/kt/logs/GraphOU/junyi/single_user_multi_skill/2023-03-13T17:14:53.108027__overfit_0/Model/Model_15.pt
17 train	 	loss_total 0.5096593145 	f1 0.9104105463 	auc 0.5749003941 	accuracy 0.8377037883 	recall 0.9662276341 	precision 0.8610363707 	mean_rev_speed 0.2068692367 	mean_rev_level 0.6284907460 	vola -0.0047002458 	gamma 0.6306767959 	time: 1678730474.7987s 	
Epoch 17  loss=0.5097 [347.3 s]	 valid=(accuracy:0.8375,auc:0.5877,f1:0.9101,precision:0.8565,recall:0.9708) test=(accuracy:0.8249,auc:0.5498,f1:0.9031,precision:0.8454,recall:0.9691) [15.6 s] 
Save model to /mnt/qb/work/mlcolab/hzhou52/kt/logs/GraphOU/junyi/single_user_multi_skill/2023-03-13T17:14:53.108027__overfit_0/Model/Model_16.pt
18 train	 	loss_total 0.5035289228 	f1 0.9125545617 	auc 0.5780488361 	accuracy 0.8412108638 	recall 0.9708994637 	precision 0.8611655289 	mean_rev_speed 0.2068693410 	mean_rev_level 0.6606435843 	vola -0.0047002458 	gamma 0.6755924000 	time: 1678730842.7648s 	
Epoch 18  loss=0.5035 [349.9 s]	 valid=(accuracy:0.8409,auc:0.5900,f1:0.9122,precision:0.8568,recall:0.9752) test=(accuracy:0.8280,auc:0.5523,f1:0.9050,precision:0.8456,recall:0.9734) [15.8 s] 
Save model to /mnt/qb/work/mlcolab/hzhou52/kt/logs/GraphOU/junyi/single_user_multi_skill/2023-03-13T17:14:53.108027__overfit_0/Model/Model_17.pt
19 train	 	loss_total 0.4977658402 	f1 0.9145548770 	auc 0.5818588963 	accuracy 0.8444985259 	recall 0.9752420491 	precision 0.8613109547 	mean_rev_speed 0.2068694192 	mean_rev_level 0.6924713164 	vola -0.0047002458 	gamma 0.7199367341 	time: 1678731214.9982s 	
Epoch 19  loss=0.4978 [351.1 s]	 valid=(accuracy:0.8431,auc:0.5923,f1:0.9136,precision:0.8567,recall:0.9785) test=(accuracy:0.8304,auc:0.5542,f1:0.9065,precision:0.8456,recall:0.9769) [15.6 s] 
Save model to /mnt/qb/work/mlcolab/hzhou52/kt/logs/GraphOU/junyi/single_user_multi_skill/2023-03-13T17:14:53.108027__overfit_0/Model/Model_18.pt
20 train	 	loss_total 0.4919926620 	f1 0.9161939423 	auc 0.5852260251 	accuracy 0.8472132223 	recall 0.9788780616 	precision 0.8613566125 	mean_rev_speed 0.2068694234 	mean_rev_level 0.7239357942 	vola -0.0047002458 	gamma 0.7636046646 	time: 1678731581.7334s 	
Epoch 20  loss=0.4920 [344.8 s]	 valid=(accuracy:0.8450,auc:0.5942,f1:0.9147,precision:0.8568,recall:0.9811) test=(accuracy:0.8324,auc:0.5558,f1:0.9078,precision:0.8457,recall:0.9797) [15.5 s] 
Save model to /mnt/qb/work/mlcolab/hzhou52/kt/logs/GraphOU/junyi/single_user_multi_skill/2023-03-13T17:14:53.108027__overfit_0/Model/Model_19.pt
21 train	 	loss_total 0.4869062850 	f1 0.9174883685 	auc 0.5892064776 	accuracy 0.8493598172 	recall 0.9817052341 	precision 0.8614537897 	mean_rev_speed 0.2068693804 	mean_rev_level 0.7550111807 	vola -0.0047002458 	gamma 0.8065521458 	time: 1678731949.6062s 	
Epoch 21  loss=0.4869 [344.6 s]	 valid=(accuracy:0.8467,auc:0.5949,f1:0.9158,precision:0.8568,recall:0.9835) test=(accuracy:0.8340,auc:0.5573,f1:0.9087,precision:0.8457,recall:0.9819) [15.6 s] 
Save model to /mnt/qb/work/mlcolab/hzhou52/kt/logs/GraphOU/junyi/single_user_multi_skill/2023-03-13T17:14:53.108027__overfit_0/Model/Model_20.pt
22 train	 	loss_total 0.4821903914 	f1 0.9188324168 	auc 0.5924378264 	accuracy 0.8516299381 	recall 0.9844149517 	precision 0.8617381454 	mean_rev_speed 0.2068696770 	mean_rev_level 0.7856686171 	vola -0.0047002458 	gamma 0.8487033968 	time: 1678732319.0631s 	
Epoch 22  loss=0.4822 [350.8 s]	 valid=(accuracy:0.8484,auc:0.5965,f1:0.9168,precision:0.8569,recall:0.9856) test=(accuracy:0.8356,auc:0.5590,f1:0.9097,precision:0.8458,recall:0.9841) [15.8 s] 
Save model to /mnt/qb/work/mlcolab/hzhou52/kt/logs/GraphOU/junyi/single_user_multi_skill/2023-03-13T17:14:53.108027__overfit_0/Model/Model_21.pt
23 train	 	loss_total 0.4776920001 	f1 0.9197410525 	auc 0.5956081007 	accuracy 0.8531437942 	recall 0.9864355574 	precision 0.8617809828 	mean_rev_speed 0.2068697214 	mean_rev_level 0.8158856552 	vola -0.0047002458 	gamma 0.8900135249 	time: 1678732683.2606s 	
Epoch 23  loss=0.4777 [345.0 s]	 valid=(accuracy:0.8492,auc:0.5990,f1:0.9173,precision:0.8569,recall:0.9868) test=(accuracy:0.8367,auc:0.5602,f1:0.9104,precision:0.8458,recall:0.9857) [15.5 s] 
Save model to /mnt/qb/work/mlcolab/hzhou52/kt/logs/GraphOU/junyi/single_user_multi_skill/2023-03-13T17:14:53.108027__overfit_0/Model/Model_22.pt
24 train	 	loss_total 0.4736605579 	f1 0.9205203260 	auc 0.5970761814 	accuracy 0.8544711822 	recall 0.9880448196 	precision 0.8619059757 	mean_rev_speed 0.2068697068 	mean_rev_level 0.8456312823 	vola -0.0047002458 	gamma 0.9304273680 	time: 1678733051.6329s 	
Epoch 24  loss=0.4737 [349.1 s]	 valid=(accuracy:0.8505,auc:0.6000,f1:0.9180,precision:0.8570,recall:0.9884) test=(accuracy:0.8379,auc:0.5614,f1:0.9111,precision:0.8459,recall:0.9872) [15.5 s] 
Save model to /mnt/qb/work/mlcolab/hzhou52/kt/logs/GraphOU/junyi/single_user_multi_skill/2023-03-13T17:14:53.108027__overfit_0/Model/Model_23.pt
25 train	 	loss_total 0.4695476906 	f1 0.9211919400 	auc 0.6012004787 	accuracy 0.8556045106 	recall 0.9894974214 	precision 0.8619710584 	mean_rev_speed 0.2068697065 	mean_rev_level 0.8748826441 	vola -0.0047002458 	gamma 0.9698984994 	time: 1678733421.0641s 	
Epoch 25  loss=0.4695 [351.2 s]	 valid=(accuracy:0.8511,auc:0.6008,f1:0.9184,precision:0.8572,recall:0.9892) test=(accuracy:0.8387,auc:0.5628,f1:0.9116,precision:0.8461,recall:0.9882) [15.8 s] 
Save model to /mnt/qb/work/mlcolab/hzhou52/kt/logs/GraphOU/junyi/single_user_multi_skill/2023-03-13T17:14:53.108027__overfit_0/Model/Model_24.pt
26 train	 	loss_total 0.4660820601 	f1 0.9217965926 	auc 0.6034597375 	accuracy 0.8566410672 	recall 0.9907028900 	precision 0.8621084130 	mean_rev_speed 0.2068699531 	mean_rev_level 0.9036254017 	vola -0.0047002458 	gamma 1.0084330046 	time: 1678733805.3555s 	
Epoch 26  loss=0.4661 [364.2 s]	 valid=(accuracy:0.8518,auc:0.6024,f1:0.9189,precision:0.8571,recall:0.9903) test=(accuracy:0.8394,auc:0.5641,f1:0.9120,precision:0.8461,recall:0.9891) [16.3 s] 
Save model to /mnt/qb/work/mlcolab/hzhou52/kt/logs/GraphOU/junyi/single_user_multi_skill/2023-03-13T17:14:53.108027__overfit_0/Model/Model_25.pt
