/var/spool/slurmd/job3146000/slurm_script: line 3: SBATCH: command not found
/var/spool/slurmd/job3146000/slurm_script: line 4: SBATCH: command not found
/var/spool/slurmd/job3146000/slurm_script: line 5: SBATCH: command not found
/var/spool/slurmd/job3146000/slurm_script: line 6: SBATCH: command not found
/var/spool/slurmd/job3146000/slurm_script: line 7: SBATCH: command not found
/var/spool/slurmd/job3146000/slurm_script: line 8: SBATCH: command not found
/var/spool/slurmd/job3146000/slurm_script: line 9: SBATCH: command not found
/var/spool/slurmd/job3146000/slurm_script: line 10: SBATCH: command not found
/var/spool/slurmd/job3146000/slurm_script: line 11: SBATCH: command not found
/var/spool/slurmd/job3146000/slurm_script: line 12: SBATCH: command not found
/var/spool/slurmd/job3146000/slurm_script: line 13: SBATCH: command not found
Namespace(model_name='VanillaOU', train_mode='ls_split_time', multi_node=1, train_time_ratio=0.5, test_time_ratio=0.4, num_node=1, num_seq=1, base=2.0, ppe_lr=0.2, hidden_dim=8, graph_path='/mnt/qb/work/mlcolab/hzhou52/kt/junyi/adj.npy', overfit=0, gt_adj_path=None, world_size=-1, rank=-1, dist_url='env://', dist_backend='nccl', local_rank=-1, distributed=1, random_seed=2022, GPU_to_use=None, gpu='0', data_dir='/mnt/qb/work/mlcolab/hzhou52/kt', dataset='junyi/single_user_multi_skill', sep='\t', kfold=5, max_step=200, regenerate_corpus=False, save_folder='/mnt/qb/work/mlcolab/hzhou52/kt/logs', expername='', train=1, validate=True, epoch=100, early_stop=1, lr=0.005, batch_size=512, eval_batch_size=512, dropout=0.0, l2=0.0, optimizer='Adam', metric='F1, AUC, Accuracy, Recall, Precision', fold=0, load=0, load_folder='', lr_decay=5000, gamma=0.5, var=0.05, time='2023-03-13T15:41:35.378960', device=device(type='cpu'), log_path='/mnt/qb/work/mlcolab/hzhou52/kt/logs/VanillaOU/junyi/single_user_multi_skill/2023-03-13T15:41:35.378960__overfit_0')
Load corpus from /mnt/qb/work/mlcolab/hzhou52/kt/junyi/single_user_multi_skill/Corpus_200.pkl
# Training mode splits TIME
# Train: 26629, # Dev: 26629, # Test: 26629
--------------------------------------------- BEGIN: 2023-03-13 15:41:49 ---------------------------------------------

==========================================
 Arguments         | Values               
==========================================
 base              | 2.0                 
 batch_size        | 512                 
 data_dir          | /mnt/qb/work/mlco...
 dataset           | junyi/single_user...
 decoder_file      | /mnt/qb/work/mlco...
 device            | cpu                 
 dist_backend      | nccl                
 dist_url          | env://              
 distributed       | 1                   
 dropout           | 0.0                 
 early_stop        | 1                   
 epoch             | 100                 
 eval_batch_size   | 512                 
 expername         |                     
 fold              | 0                   
 gamma             | 0.5                 
 gpu               | 0                   
 graph_path        | /mnt/qb/work/mlco...
 hidden_dim        | 8                   
 kfold             | 5                   
 l2                | 0.0                 
 load              | 0                   
 load_folder       |                     
 local_rank        | -1                  
 log_path          | /mnt/qb/work/mlco...
 lr                | 0.005               
 lr_decay          | 5000                
 max_step          | 200                 
 metric            | F1, AUC, Accuracy...
 model_name        | VanillaOU           
 multi_node        | 1                   
 num_node          | 1                   
 num_seq           | 1                   
 optimizer         | Adam                
 optimizer_file    | /mnt/qb/work/mlco...
 overfit           | 0                   
 plotdir           | /mnt/qb/work/mlco...
 ppe_lr            | 0.2                 
 random_seed       | 2022                
 rank              | -1                  
 regenerate_corpus | False               
 save_folder       | /mnt/qb/work/mlco...
 test_time_ratio   | 0.4                 
 time              | 2023-03-13T15:41:...
 train_mode        | ls_split_time       
 train_time_ratio  | 0.5                 
 validate          | True                
 var               | 0.05                
 world_size        | -1                  
==========================================
# cuda devices: 0
VanillaOU()
#params: 79887
Traceback (most recent call last):
  File "/mnt/qb/home/mlcolab/hzhou52/knowledge_tracing/exp/single_learner_single_skill_predict.py", line 209, in <module>
    runner.train(model, corpus)
  File "/mnt/qb/home/mlcolab/hzhou52/knowledge_tracing/exp/../KTRunner.py", line 141, in train
    train_batches = model.module.prepare_batches(corpus, epoch_train_data, self.batch_size, phase='train')
  File "/mnt/qb/work/mlcolab/hzhou52/anaconda3/envs/mykt/lib/python3.9/site-packages/torch/nn/modules/module.py", line 1185, in __getattr__
    raise AttributeError("'{}' object has no attribute '{}'".format(
AttributeError: 'VanillaOU' object has no attribute 'module'
