JobId=2169094 ArrayJobId=2169094 ArrayTaskId=0 JobName=single_cluster_kt.sh
   UserId=hzhou52(4453) GroupId=mlcolab(4019) MCS_label=N/A
   Priority=83444 Nice=0 Account=mlcolab QOS=normal
   JobState=RUNNING Reason=None Dependency=(null)
   Requeue=1 Restarts=0 BatchFlag=1 Reboot=0 ExitCode=0:0
   RunTime=00:00:01 TimeLimit=12:00:00 TimeMin=N/A
   SubmitTime=2022-12-14T12:06:52 EligibleTime=2022-12-14T12:06:52
   AccrueTime=Unknown
   StartTime=2022-12-14T12:06:52 EndTime=2022-12-15T00:06:52 Deadline=N/A
   PreemptEligibleTime=2022-12-14T12:07:52 PreemptTime=None
   SuspendTime=None SecsPreSuspend=0 LastSchedEval=2022-12-14T12:06:52
   Partition=gpu-2080ti AllocNode:Sid=bg-slurmb-login1:8413
   ReqNodeList=(null) ExcNodeList=(null)
   NodeList=slurm-bm-38
   BatchHost=slurm-bm-38
   NumNodes=1 NumCPUs=2 NumTasks=1 CPUs/Task=1 ReqB:S:C:T=0:0:*:*
   TRES=cpu=2,mem=64G,node=1,billing=3,gres/gpu=1
   Socks/Node=* NtasksPerN:B:S:C=0:0:*:* CoreSpec=*
   MinCPUsNode=1 MinMemoryNode=0 MinTmpDiskNode=0
   Features=(null) DelayBoot=00:00:00
   OverSubscribe=OK Contiguous=0 Licenses=(null) Network=(null)
   Command=/mnt/qb/home/mlcolab/hzhou52/knowledge_tracing/single_cluster_kt.sh
   WorkDir=/mnt/qb/home/mlcolab/hzhou52/knowledge_tracing
   StdErr=/mnt/qb/home/mlcolab/hzhou52/knowledge_tracing/hostname_2169094.err
   StdIn=/dev/null
   StdOut=/mnt/qb/home/mlcolab/hzhou52/knowledge_tracing/hostname_2169094.out
   Power=
   MemPerTres=gpu:65536
   TresPerNode=gpu:1
   MailUser=hzhou52 MailType=END
   NtasksPerTRES:0

Namespace(overfit=10, world_size=-1, rank=-1, dist_url='env://', dist_backend='nccl', local_rank=-1, random_seed=2022, GPU_to_use=None, gpu='0', data_dir='/mnt/qb/work/mlcolab/hzhou52/kt', dataset='synthetic', sep='\t', kfold=5, max_step=50, quick_test=False, regenerate_corpus=False, save_folder='/mnt/qb/work/mlcolab/hzhou52/kt/logs', expername='time_lag_30', epoch=200, early_stop=1, lr=0.005, batch_size=32, eval_batch_size=32, dropout=0.0, l2=1e-05, optimizer='Adam', metric='F1, AUC, Accuracy, Recall, Precision', load=0, fold=0, train=1, regenerate=0, lr_decay=50, gamma=0.5, load_folder='', validate=True, var=0.05, tau_gumbel=0.5, emb_size=2, time_log=2.718281828459045, time_lag=30, latent_rep='dibs', latent_dim=32, num_graph=5, emb_history=1, decoder_type='ou', dense_init=0, adj_or_prob='b_adj', diagonal=1, skill_base=0, problem_base=0, model_path='', model_name='CausalKT', time='2022-12-14T12:14:52.870148', device=device(type='cuda', index=0), log_path='/mnt/qb/work/mlcolab/hzhou52/kt/logs/CausalKT/synthetic/2022-12-14T12:14:52.870148_time_lag_30_overfit_10')
--------------------------------------------- BEGIN: 2022-12-14 12:14:52 ---------------------------------------------

==========================================
 Arguments         | Values               
==========================================
 adj_or_prob       | b_adj               
 batch_size        | 32                  
 data_dir          | /mnt/qb/work/mlco...
 dataset           | synthetic           
 decoder_file      | /mnt/qb/work/mlco...
 decoder_type      | ou                  
 dense_init        | 0                   
 device            | cuda:0              
 diagonal          | 1                   
 dist_backend      | nccl                
 dist_url          | env://              
 dropout           | 0.0                 
 early_stop        | 1                   
 emb_history       | 1                   
 emb_size          | 2                   
 epoch             | 200                 
 eval_batch_size   | 32                  
 expername         | time_lag_30         
 fold              | 0                   
 gamma             | 0.5                 
 gpu               | 0                   
 kfold             | 5                   
 l2                | 1e-05               
 latent_dim        | 32                  
 latent_rep        | dibs                
 load              | 0                   
 load_folder       |                     
 local_rank        | -1                  
 log_path          | /mnt/qb/work/mlco...
 lr                | 0.005               
 lr_decay          | 50                  
 max_step          | 50                  
 metric            | F1, AUC, Accuracy...
 model_name        | CausalKT            
 num_graph         | 5                   
 optimizer         | Adam                
 optimizer_file    | /mnt/qb/work/mlco...
 overfit           | 10                  
 plotdir           | /mnt/qb/work/mlco...
 problem_base      | 0                   
 quick_test        | False               
 random_seed       | 2022                
 rank              | -1                  
 regenerate_corpus | False               
 save_folder       | /mnt/qb/work/mlco...
 skill_base        | 0                   
 tau_gumbel        | 0.5                 
 time              | 2022-12-14T12:14:...
 time_lag          | 30                  
 time_log          | 2.718281828459045   
 validate          | True                
 var               | 0.05                
 world_size        | -1                  
==========================================
Load corpus from /mnt/qb/work/mlcolab/hzhou52/kt/synthetic/Corpus_50.pkl
# Train: 72, # Dev: 8, # Test: 20
# cuda devices: 1
CausalKT(
  (loss_function): BCELoss()
  (var_dist_A): VarDIBS()
  (decoder): GraphOUProcessDebug()
)
#params: 320
Optimizer: Adam
1 train	 	loss_pred 0.7174855243 	loss_spasity 0.0000010600 	loss_total 0.7174865843 	speed 0.0199999996 	level 0.5000000000 	vola 0.0799999982 	f1 0.5035460993 	auc 0.4984818228 	accuracy 0.4960000000 	recall 0.5071428571 	precision 0.5000000000 	time: 1671016513.2515s 	
2 train	 	loss_pred 0.7115362304 	loss_spasity 0.0000013800 	loss_total 0.7115376104 	speed 0.0199999996 	level 0.5000000000 	vola 0.0799999982 	f1 0.4977523498 	auc 0.5129966718 	accuracy 0.5084000000 	recall 0.4833333333 	precision 0.5130581297 	time: 1671016555.5725s 	
3 train	 	loss_pred 0.7110868315 	loss_spasity 0.0000013000 	loss_total 0.7110881315 	speed 0.0199999996 	level 0.5000000000 	vola 0.0799999982 	f1 0.5117219078 	auc 0.5103072197 	accuracy 0.5168000000 	recall 0.5023809524 	precision 0.5214168040 	time: 1671016595.9782s 	
4 train	 	loss_pred 0.7042502227 	loss_spasity 0.0000014600 	loss_total 0.7042516827 	speed 0.0199999996 	level 0.5000000000 	vola 0.0799999982 	f1 0.4985531211 	auc 0.5278225806 	accuracy 0.5148000000 	recall 0.4785714286 	precision 0.5202761001 	time: 1671016638.0412s 	
5 train	 	loss_pred 0.7199768230 	loss_spasity 0.0000012200 	loss_total 0.7199780430 	speed 0.0199999996 	level 0.5000000000 	vola 0.0799999982 	f1 0.5225635192 	auc 0.4925518433 	accuracy 0.4964000000 	recall 0.5468253968 	precision 0.5003631082 	time: 1671016686.1029s 	
6 train	 	loss_pred 0.7215934774 	loss_spasity 0.0000013400 	loss_total 0.7215948174 	speed 0.0199999996 	level 0.5000000000 	vola 0.0799999982 	f1 0.4817170111 	auc 0.4805254736 	accuracy 0.4784000000 	recall 0.4809523810 	precision 0.4824840764 	time: 1671016715.5026s 	
7 train	 	loss_pred 0.7173232875 	loss_spasity 0.0000013400 	loss_total 0.7173246275 	speed 0.0199999996 	level 0.5000000000 	vola 0.0799999982 	f1 0.5216095380 	auc 0.4902284946 	accuracy 0.4864000000 	recall 0.5555555556 	precision 0.4915730337 	time: 1671016772.9625s 	
8 train	 	loss_pred 0.7186536073 	loss_spasity 0.0000014800 	loss_total 0.7186550873 	speed 0.0199999996 	level 0.5000000000 	vola 0.0799999982 	f1 0.4862422998 	auc 0.4967857143 	accuracy 0.4996000000 	recall 0.4698412698 	precision 0.5038297872 	time: 1671016806.2744s 	
9 train	 	loss_pred 0.7147130247 	loss_spasity 0.0000015200 	loss_total 0.7147145447 	speed 0.0199999996 	level 0.5000000000 	vola 0.0799999982 	f1 0.5172547499 	auc 0.5037103175 	accuracy 0.5020000000 	recall 0.5293650794 	precision 0.5056861259 	time: 1671016835.7765s 	
10 train	 	loss_pred 0.7111184368 	loss_spasity 0.0000013000 	loss_total 0.7111197368 	speed 0.0199999996 	level 0.5000000000 	vola 0.0799999982 	f1 0.5291650782 	auc 0.5049385561 	accuracy 0.5060000000 	recall 0.5507936508 	precision 0.5091709464 	time: 1671016876.3668s 	
11 train	 	loss_pred 0.7213419895 	loss_spasity 0.0000013000 	loss_total 0.7213432895 	speed 0.0199999996 	level 0.5000000000 	vola 0.0799999982 	f1 0.4767676768 	auc 0.4843177163 	accuracy 0.4820000000 	recall 0.4682539683 	precision 0.4855967078 	time: 1671016933.2593s 	
12 train	 	loss_pred 0.7294423278 	loss_spasity 0.0000013800 	loss_total 0.7294437078 	speed 0.0199999996 	level 0.5000000000 	vola 0.0799999982 	f1 0.4793516017 	auc 0.4540456989 	accuracy 0.4604000000 	recall 0.4928571429 	precision 0.4665664914 	time: 1671016958.9560s 	
13 train	 	loss_pred 0.7236465379 	loss_spasity 0.0000012000 	loss_total 0.7236477379 	speed 0.0199999996 	level 0.5000000000 	vola 0.0799999982 	f1 0.4904184591 	auc 0.4753750640 	accuracy 0.4788000000 	recall 0.4976190476 	precision 0.4834232845 	time: 1671016997.2943s 	
14 train	 	loss_pred 0.7157387786 	loss_spasity 0.0000013000 	loss_total 0.7157400786 	speed 0.0199999996 	level 0.5000000000 	vola 0.0799999982 	f1 0.4868265828 	auc 0.4884190988 	accuracy 0.4780000000 	recall 0.4912698413 	precision 0.4824629774 	time: 1671017033.5218s 	
15 train	 	loss_pred 0.7163743935 	loss_spasity 0.0000014200 	loss_total 0.7163758135 	speed 0.0199999996 	level 0.5000000000 	vola 0.0799999982 	f1 0.4988142292 	auc 0.4989298515 	accuracy 0.4928000000 	recall 0.5007936508 	precision 0.4968503937 	time: 1671017072.9752s 	
16 train	 	loss_pred 0.7113001706 	loss_spasity 0.0000013400 	loss_total 0.7113015106 	speed 0.0199999996 	level 0.5000000000 	vola 0.0799999982 	f1 0.5514678558 	auc 0.5143548387 	accuracy 0.5172000000 	recall 0.5888888889 	precision 0.5185185185 	time: 1671017125.4491s 	
17 train	 	loss_pred 0.7177743441 	loss_spasity 0.0000012000 	loss_total 0.7177755441 	speed 0.0199999996 	level 0.5000000000 	vola 0.0799999982 	f1 0.5089216447 	auc 0.4940572197 	accuracy 0.4936000000 	recall 0.5206349206 	precision 0.4977238240 	time: 1671017175.7778s 	
18 train	 	loss_pred 0.7195197393 	loss_spasity 0.0000013600 	loss_total 0.7195210993 	speed 0.0199999996 	level 0.5000000000 	vola 0.0799999982 	f1 0.5013560635 	auc 0.4822657450 	accuracy 0.4852000000 	recall 0.5134920635 	precision 0.4897804693 	time: 1671017202.8517s 	
19 train	 	loss_pred 0.7060022693 	loss_spasity 0.0000015200 	loss_total 0.7060037893 	speed 0.0199999996 	level 0.5000000000 	vola 0.0799999982 	f1 0.5181347150 	auc 0.5226420891 	accuracy 0.5164000000 	recall 0.5158730159 	precision 0.5204163331 	time: 1671017237.3622s 	
20 train	 	loss_pred 0.7170477548 	loss_spasity 0.0000013400 	loss_total 0.7170490948 	speed 0.0199999996 	level 0.5000000000 	vola 0.0799999982 	f1 0.4942391736 	auc 0.4922900666 	accuracy 0.4908000000 	recall 0.4936507937 	precision 0.4948289578 	time: 1671017268.1441s 	
21 train	 	loss_pred 0.7210084398 	loss_spasity 0.0000011200 	loss_total 0.7210095598 	speed 0.0199999996 	level 0.5000000000 	vola 0.0799999982 	f1 0.5145667802 	auc 0.4863255248 	accuracy 0.4868000000 	recall 0.5396825397 	precision 0.4916847433 	time: 1671017299.6541s 	
